<?xml version="1.0" encoding="UTF-8"?>
<testng-results ignored="0" total="1" passed="1" failed="0" skipped="0">
  <reporter-output>
  </reporter-output>
  <suite started-at="2025-10-29T22:05:44 IST" name="Sample Suite" finished-at="2025-10-29T22:05:55 IST" duration-ms="11394">
    <groups>
      <group name="cucumber">
        <method signature="AbstractTestNGCucumberTests.runScenario(io.cucumber.testng.PickleWrapper,io.cucumber.testng.FeatureWrapper)[pri:0, instance:Runner.TestRunner@fa49800]" name="runScenario" class="io.cucumber.testng.AbstractTestNGCucumberTests"/>
      </group> <!-- cucumber -->
    </groups>
    <test started-at="2025-10-29T22:05:44 IST" name="Sample Test" finished-at="2025-10-29T22:05:55 IST" duration-ms="11394">
      <class name="Runner.TestRunner">
        <test-method is-config="true" signature="setUpClass(org.testng.ITestContext)[pri:0, instance:Runner.TestRunner@fa49800]" started-at="2025-10-29T22:05:44 IST" name="setUpClass" finished-at="2025-10-29T22:05:45 IST" duration-ms="747" status="PASS">
          <params>
            <param index="0">
              <value>
                <![CDATA[org.testng.TestRunner@b887730]]>
              </value>
            </param>
          </params>
          <reporter-output>
          </reporter-output>
        </test-method> <!-- setUpClass -->
        <test-method signature="runScenario(io.cucumber.testng.PickleWrapper,io.cucumber.testng.FeatureWrapper)[pri:0, instance:Runner.TestRunner@fa49800]" started-at="2025-10-29T22:05:45 IST" name="runScenario" description="Runs Cucumber Scenarios" data-provider="scenarios" finished-at="2025-10-29T22:05:55 IST" duration-ms="10517" status="PASS">
          <params>
            <param index="0">
              <value>
                <![CDATA["Registration fails with invalid email"]]>
              </value>
            </param>
            <param index="1">
              <value>
                <![CDATA["Tricentis Demo Web Shop Registration"]]>
              </value>
            </param>
          </params>
          <reporter-output>
          </reporter-output>
        </test-method> <!-- runScenario -->
        <test-method is-config="true" signature="tearDownClass()[pri:0, instance:Runner.TestRunner@fa49800]" started-at="2025-10-29T22:05:55 IST" name="tearDownClass" finished-at="2025-10-29T22:05:55 IST" duration-ms="62" status="PASS">
          <reporter-output>
          </reporter-output>
        </test-method> <!-- tearDownClass -->
      </class> <!-- Runner.TestRunner -->
    </test> <!-- Sample Test -->
  </suite> <!-- Sample Suite -->
</testng-results>
