<?xml version="1.0" encoding="UTF-8"?>
<testng-results ignored="0" total="6" passed="6" failed="0" skipped="0">
  <reporter-output>
  </reporter-output>
  <suite started-at="2025-10-31T13:48:31 IST" name="Sample Suite" finished-at="2025-10-31T13:49:19 IST" duration-ms="48388">
    <groups>
      <group name="cucumber">
        <method signature="AbstractTestNGCucumberTests.runScenario(io.cucumber.testng.PickleWrapper,io.cucumber.testng.FeatureWrapper)[pri:0, instance:Runner.TestRunner@32502377]" name="runScenario" class="io.cucumber.testng.AbstractTestNGCucumberTests"/>
      </group> <!-- cucumber -->
    </groups>
    <test started-at="2025-10-31T13:48:31 IST" name="Sample Test" finished-at="2025-10-31T13:49:19 IST" duration-ms="48388">
      <class name="Runner.TestRunner">
        <test-method is-config="true" signature="setUpClass(org.testng.ITestContext)[pri:0, instance:Runner.TestRunner@32502377]" started-at="2025-10-31T13:48:31 IST" name="setUpClass" finished-at="2025-10-31T13:48:32 IST" duration-ms="1060" status="PASS">
          <params>
            <param index="0">
              <value>
                <![CDATA[org.testng.TestRunner@73a845cb]]>
              </value>
            </param>
          </params>
          <reporter-output>
          </reporter-output>
        </test-method> <!-- setUpClass -->
        <test-method signature="runScenario(io.cucumber.testng.PickleWrapper,io.cucumber.testng.FeatureWrapper)[pri:0, instance:Runner.TestRunner@32502377]" started-at="2025-10-31T13:48:32 IST" name="runScenario" description="Runs Cucumber Scenarios" data-provider="scenarios" finished-at="2025-10-31T13:48:32 IST" duration-ms="108" status="PASS">
          <params>
            <param index="0">
              <value>
                <![CDATA["Sample tricentis page"]]>
              </value>
            </param>
            <param index="1">
              <value>
                <![CDATA["Tricentis Demo Web Shop Registration"]]>
              </value>
            </param>
          </params>
          <reporter-output>
          </reporter-output>
        </test-method> <!-- runScenario -->
        <test-method signature="runScenario(io.cucumber.testng.PickleWrapper,io.cucumber.testng.FeatureWrapper)[pri:0, instance:Runner.TestRunner@32502377]" started-at="2025-10-31T13:48:32 IST" name="runScenario" description="Runs Cucumber Scenarios" data-provider="scenarios" finished-at="2025-10-31T13:48:41 IST" duration-ms="9372" status="PASS">
          <params>
            <param index="0">
              <value>
                <![CDATA["Register new random user with gender Male"]]>
              </value>
            </param>
            <param index="1">
              <value>
                <![CDATA["Tricentis Demo Web Shop Registration"]]>
              </value>
            </param>
          </params>
          <reporter-output>
          </reporter-output>
        </test-method> <!-- runScenario -->
        <test-method signature="runScenario(io.cucumber.testng.PickleWrapper,io.cucumber.testng.FeatureWrapper)[pri:0, instance:Runner.TestRunner@32502377]" started-at="2025-10-31T13:48:41 IST" name="runScenario" description="Runs Cucumber Scenarios" data-provider="scenarios" finished-at="2025-10-31T13:48:52 IST" duration-ms="10718" status="PASS">
          <params>
            <param index="0">
              <value>
                <![CDATA["Register new random user with gender Female"]]>
              </value>
            </param>
            <param index="1">
              <value>
                <![CDATA["Tricentis Demo Web Shop Registration"]]>
              </value>
            </param>
          </params>
          <reporter-output>
          </reporter-output>
        </test-method> <!-- runScenario -->
        <test-method signature="runScenario(io.cucumber.testng.PickleWrapper,io.cucumber.testng.FeatureWrapper)[pri:0, instance:Runner.TestRunner@32502377]" started-at="2025-10-31T13:48:52 IST" name="runScenario" description="Runs Cucumber Scenarios" data-provider="scenarios" finished-at="2025-10-31T13:49:00 IST" duration-ms="8149" status="PASS">
          <params>
            <param index="0">
              <value>
                <![CDATA["Registration fails when mandatory fields are missing"]]>
              </value>
            </param>
            <param index="1">
              <value>
                <![CDATA["Tricentis Demo Web Shop Registration"]]>
              </value>
            </param>
          </params>
          <reporter-output>
          </reporter-output>
        </test-method> <!-- runScenario -->
        <test-method signature="runScenario(io.cucumber.testng.PickleWrapper,io.cucumber.testng.FeatureWrapper)[pri:0, instance:Runner.TestRunner@32502377]" started-at="2025-10-31T13:49:00 IST" name="runScenario" description="Runs Cucumber Scenarios" data-provider="scenarios" finished-at="2025-10-31T13:49:09 IST" duration-ms="8632" status="PASS">
          <params>
            <param index="0">
              <value>
                <![CDATA["Registration fails with invalid email"]]>
              </value>
            </param>
            <param index="1">
              <value>
                <![CDATA["Tricentis Demo Web Shop Registration"]]>
              </value>
            </param>
          </params>
          <reporter-output>
          </reporter-output>
        </test-method> <!-- runScenario -->
        <test-method signature="runScenario(io.cucumber.testng.PickleWrapper,io.cucumber.testng.FeatureWrapper)[pri:0, instance:Runner.TestRunner@32502377]" started-at="2025-10-31T13:49:09 IST" name="runScenario" description="Runs Cucumber Scenarios" data-provider="scenarios" finished-at="2025-10-31T13:49:19 IST" duration-ms="9702" status="PASS">
          <params>
            <param index="0">
              <value>
                <![CDATA["Registration fails with duplicate email"]]>
              </value>
            </param>
            <param index="1">
              <value>
                <![CDATA["Tricentis Demo Web Shop Registration"]]>
              </value>
            </param>
          </params>
          <reporter-output>
          </reporter-output>
        </test-method> <!-- runScenario -->
        <test-method is-config="true" signature="tearDownClass()[pri:0, instance:Runner.TestRunner@32502377]" started-at="2025-10-31T13:49:19 IST" name="tearDownClass" finished-at="2025-10-31T13:49:19 IST" duration-ms="564" status="PASS">
          <reporter-output>
          </reporter-output>
        </test-method> <!-- tearDownClass -->
      </class> <!-- Runner.TestRunner -->
    </test> <!-- Sample Test -->
  </suite> <!-- Sample Suite -->
</testng-results>
